<?xml version="1.0" encoding="UTF-8"?>
<testsuite xmlns:xsi="http://www.w3.org/2001/XMLSchema-instance" xsi:noNamespaceSchemaLocation="https://maven.apache.org/surefire/maven-surefire-plugin/xsd/surefire-test-report-3.0.xsd" version="3.0" name="aed.EdrTestsPropios" time="0.065" tests="6" errors="0" skipped="0" failures="0">
  <properties>
[...]
</properties>
  <testcase name="todos_resuelven_bien_sin_llamar_a_copiarse" classname="aed.EdrTestsPropios" time="0.038"/>
  <testcase name="copia_adelante_borde_izquierdo" classname="aed.EdrTestsPropios" time="0.001"/>
  <testcase name="copiarse_de_la_dark_web_nunca_llega_a_buen_puerto" classname="aed.EdrTestsPropios" time="0"/>
  <testcase name="sin_sospechosos_examen_largo_y_aula_grande" classname="aed.EdrTestsPropios" time="0.001"/>
  <testcase name="aula_minima" classname="aed.EdrTestsPropios" time="0.001"/>
  <testcase name="copia_adelante_borde_derecho" classname="aed.EdrTestsPropios" time="0.001"/>
</testsuite>